<?xml version="1.0" encoding="UTF-8"?>
<!-- Generated by org.testng.reporters.JUnitReportReporter -->
<testsuite hostname="Himanshu" failures="0" tests="2" name="executions.amazonrunner" time="36.466" errors="0" timestamp="2024-01-25T15:58:36 IST" skipped="0">
  <testcase classname="executions.amazonrunner" name="runScenario" time="18.553"/>
  <system-out/>
  <testcase classname="executions.amazonrunner" name="runScenario" time="17.913"/>
  <system-out/>
</testsuite> <!-- executions.amazonrunner -->
