<?xml version="1.0" encoding="UTF-8"?>
<!-- Generated by org.testng.reporters.JUnitReportReporter -->
<testsuite hostname="Himanshu" failures="0" tests="2" name="executions.amazonrunner" time="22.151" errors="0" timestamp="2024-01-25T20:37:49 IST" skipped="0">
  <testcase classname="executions.amazonrunner" name="runScenario" time="11.357"/>
  <system-out/>
  <testcase classname="executions.amazonrunner" name="runScenario" time="10.794"/>
  <system-out/>
</testsuite> <!-- executions.amazonrunner -->
