<?xml version="1.0" encoding="UTF-8"?>
<!-- Generated by org.testng.reporters.JUnitReportReporter -->
<testsuite hostname="Himanshu" failures="0" tests="2" name="executions.amazonrunner" time="28.186" errors="0" timestamp="2024-01-26T17:48:33 IST" skipped="0">
  <testcase classname="executions.amazonrunner" name="runScenario" time="11.977"/>
  <system-out/>
  <testcase classname="executions.amazonrunner" name="runScenario" time="16.209"/>
  <system-out/>
</testsuite> <!-- executions.amazonrunner -->
